{"level":"info","message":"Server running on port 3000","timestamp":"2025-05-31T18:21:55.462Z"}
{"level":"info","message":"Request: GET /items","timestamp":"2025-05-31T18:22:15.664Z"}
{"level":"info","message":"Request: GET /offers","timestamp":"2025-05-31T18:22:15.673Z"}
{"level":"info","message":"Request: GET /items","timestamp":"2025-05-31T18:22:15.696Z"}
{"level":"info","message":"Request: GET /offers","timestamp":"2025-05-31T18:22:15.710Z"}
{"level":"info","message":"Request: GET /favicon.ico","timestamp":"2025-05-31T18:22:15.723Z"}
{"level":"info","message":"Request: POST /orders","timestamp":"2025-05-31T18:22:26.410Z"}
{"level":"info","message":"Order placed: 1","timestamp":"2025-05-31T18:22:26.412Z"}
{"level":"info","message":"Request: GET /items","timestamp":"2025-05-31T18:22:26.422Z"}
{"level":"info","message":"Request: POST /orders","timestamp":"2025-05-31T18:22:42.770Z"}
{"level":"info","message":"Order placed: 2","timestamp":"2025-05-31T18:22:42.771Z"}
{"level":"info","message":"Request: GET /items","timestamp":"2025-05-31T18:22:42.794Z"}
{"level":"info","message":"Server running on port 3000","timestamp":"2025-05-31T18:26:26.161Z"}
{"level":"info","message":"Request: GET /items","timestamp":"2025-05-31T18:26:39.947Z"}
{"level":"info","message":"Request: GET /offers","timestamp":"2025-05-31T18:26:39.954Z"}
{"level":"info","message":"Request: GET /items","timestamp":"2025-05-31T18:26:39.968Z"}
{"level":"info","message":"Request: GET /offers","timestamp":"2025-05-31T18:26:39.977Z"}
{"level":"info","message":"Request: POST /orders","timestamp":"2025-05-31T18:26:49.952Z"}
{"level":"info","message":"Order placed: 1","timestamp":"2025-05-31T18:26:49.954Z"}
{"level":"info","message":"Request: GET /items","timestamp":"2025-05-31T18:26:49.971Z"}
{"level":"info","message":"Request: POST /items-management","timestamp":"2025-05-31T18:27:11.526Z"}
{"level":"info","message":"Added item 4","timestamp":"2025-05-31T18:27:11.532Z"}
{"level":"info","message":"Request: GET /items","timestamp":"2025-05-31T18:27:11.547Z"}
{"level":"info","message":"Request: GET /items","timestamp":"2025-05-31T18:27:11.555Z"}
{"level":"info","message":"Request: DELETE /items-management/3","timestamp":"2025-05-31T18:27:22.127Z"}
{"level":"info","message":"Removed item 3","timestamp":"2025-05-31T18:27:22.128Z"}
{"level":"info","message":"Request: GET /items","timestamp":"2025-05-31T18:27:22.144Z"}
{"level":"info","message":"Request: GET /items","timestamp":"2025-05-31T18:27:22.152Z"}
{"level":"info","message":"Request: POST /offers-management","timestamp":"2025-05-31T18:27:48.790Z"}
{"level":"info","message":"Added offer 3","timestamp":"2025-05-31T18:27:48.795Z"}
{"level":"info","message":"Request: GET /offers","timestamp":"2025-05-31T18:27:48.817Z"}
{"level":"info","message":"Request: GET /offers","timestamp":"2025-05-31T18:27:48.822Z"}
{"level":"info","message":"Request: DELETE /offers-management/1","timestamp":"2025-05-31T18:27:54.044Z"}
{"level":"info","message":"Removed offer 1","timestamp":"2025-05-31T18:27:54.046Z"}
{"level":"info","message":"Request: GET /offers","timestamp":"2025-05-31T18:27:54.065Z"}
{"level":"info","message":"Request: GET /offers","timestamp":"2025-05-31T18:27:54.074Z"}
{"level":"info","message":"Server running on port 3000","timestamp":"2025-05-31T18:28:22.889Z"}
{"level":"info","message":"Server running on port 3000","timestamp":"2025-05-31T18:28:53.893Z"}
{"level":"info","message":"Request: GET /items","timestamp":"2025-05-31T18:29:01.321Z"}
{"level":"info","message":"Request: GET /offers","timestamp":"2025-05-31T18:29:01.338Z"}
{"level":"info","message":"Request: GET /items","timestamp":"2025-05-31T18:29:01.371Z"}
{"level":"info","message":"Request: GET /offers","timestamp":"2025-05-31T18:29:01.385Z"}
{"level":"info","message":"Request: POST /orders","timestamp":"2025-05-31T18:29:07.976Z"}
{"level":"info","message":"Order placed: 1","timestamp":"2025-05-31T18:29:07.978Z"}
{"level":"info","message":"Request: GET /items","timestamp":"2025-05-31T18:29:07.993Z"}
{"level":"info","message":"Request: POST /orders","timestamp":"2025-05-31T18:29:14.402Z"}
{"level":"info","message":"Order placed: 2","timestamp":"2025-05-31T18:29:14.404Z"}
{"level":"info","message":"Request: GET /items","timestamp":"2025-05-31T18:29:14.422Z"}
{"level":"info","message":"Request: POST /items-management","timestamp":"2025-05-31T18:29:30.167Z"}
{"level":"info","message":"Added item 4","timestamp":"2025-05-31T18:29:30.170Z"}
{"level":"info","message":"Request: GET /items","timestamp":"2025-05-31T18:29:30.195Z"}
{"level":"info","message":"Request: GET /items","timestamp":"2025-05-31T18:29:30.211Z"}
{"level":"info","message":"Request: DELETE /items-management/3","timestamp":"2025-05-31T18:29:35.785Z"}
{"level":"info","message":"Removed item 3","timestamp":"2025-05-31T18:29:35.786Z"}
{"level":"info","message":"Request: GET /items","timestamp":"2025-05-31T18:29:35.804Z"}
{"level":"info","message":"Request: GET /items","timestamp":"2025-05-31T18:29:35.806Z"}
{"level":"info","message":"Request: POST /offers-management","timestamp":"2025-05-31T18:29:53.470Z"}
{"level":"info","message":"Added offer 3","timestamp":"2025-05-31T18:29:53.471Z"}
{"level":"info","message":"Request: GET /offers","timestamp":"2025-05-31T18:29:53.484Z"}
{"level":"info","message":"Request: GET /offers","timestamp":"2025-05-31T18:29:53.490Z"}
{"level":"info","message":"Request: DELETE /offers-management/1","timestamp":"2025-05-31T18:29:55.954Z"}
{"level":"info","message":"Removed offer 1","timestamp":"2025-05-31T18:29:55.959Z"}
{"level":"info","message":"Request: GET /offers","timestamp":"2025-05-31T18:29:55.974Z"}
{"level":"info","message":"Request: GET /offers","timestamp":"2025-05-31T18:29:55.982Z"}
